2019-04-28 20:14:06 - Error: [2048], Declaration of ProductDAO::getAll() should be compatible with BaseDAO::getAll($database) in /Users/anit/Projects/web/anit_pos/libs/php/dao/ProductDAO.php on line 31, Variables:Array
(
    [_GET] => Array
        (
            [productId] => 1
        )

    [_POST] => Array
        (
        )

    [_COOKIE] => Array
        (
            [PHPSESSID] => e6v74trde8kdgovhh10kp6km94
            [pos_access_token] => eyJ0eXAiOiJKV1QiLCJhbGciOiJIUzI1NiJ9.eyJleHAiOjE1NTY1MzA4NzYsInVzZXJfbmFtZSI6ImFkbWluIiwicGFzc3dvcmQiOiIxMjM0Iiwicm9sZSI6IkEifQ.6wP_a_l9cRbuDSXU2XOuFJqOQJKc2ZBD-DKb2NlfCxw
        )

    [_FILES] => Array
        (
        )

    [headers] => Array
        (
            [Host] => localhost
            [Connection] => keep-alive
            [Cache-Control] => no-cache
            [access_token] => eyJ0eXAiOiJKV1QiLCJhbGciOiJIUzI1NiJ9.eyJ1c2VyX25hbWUiOiJhZG1pbiIsInBhc3N3b3JkIjoiMTIzNCIsInJvbGUiOiJBIn0.6EeQ4vQYTw48ghASoZwYtDkUgf3BmDTX8adDdq8cJqg
            [User-Agent] => Mozilla/5.0 (Macintosh; Intel Mac OS X 10_14_4) AppleWebKit/537.36 (KHTML, like Gecko) Chrome/73.0.3683.86 Safari/537.36
            [Content-Type] => text/xml
            [Accept] => */*
            [Accept-Encoding] => gzip, deflate, br
            [Accept-Language] => en-US,en;q=0.9,vi;q=0.8,ja;q=0.7
            [Cookie] => PHPSESSID=e6v74trde8kdgovhh10kp6km94; pos_access_token=eyJ0eXAiOiJKV1QiLCJhbGciOiJIUzI1NiJ9.eyJleHAiOjE1NTY1MzA4NzYsInVzZXJfbmFtZSI6ImFkbWluIiwicGFzc3dvcmQiOiIxMjM0Iiwicm9sZSI6IkEifQ.6wP_a_l9cRbuDSXU2XOuFJqOQJKc2ZBD-DKb2NlfCxw
        )

    [request] => Data Object
        (
            [data:Data:private] => Array
                (
                    [access_token] => eyJ0eXAiOiJKV1QiLCJhbGciOiJIUzI1NiJ9.eyJ1c2VyX25hbWUiOiJhZG1pbiIsInBhc3N3b3JkIjoiMTIzNCIsInJvbGUiOiJBIn0.6EeQ4vQYTw48ghASoZwYtDkUgf3BmDTX8adDdq8cJqg
                )

        )

)

2019-04-28 20:14:59 - Error: [2048], Declaration of ProductDAO::getAll() should be compatible with BaseDAO::getAll($database) in /Users/anit/Projects/web/anit_pos/libs/php/dao/ProductDAO.php on line 31, Variables:Array
(
    [_GET] => Array
        (
            [productId] => 1
        )

    [_POST] => Array
        (
        )

    [_COOKIE] => Array
        (
            [PHPSESSID] => e6v74trde8kdgovhh10kp6km94
            [pos_access_token] => eyJ0eXAiOiJKV1QiLCJhbGciOiJIUzI1NiJ9.eyJleHAiOjE1NTY1MzA4NzYsInVzZXJfbmFtZSI6ImFkbWluIiwicGFzc3dvcmQiOiIxMjM0Iiwicm9sZSI6IkEifQ.6wP_a_l9cRbuDSXU2XOuFJqOQJKc2ZBD-DKb2NlfCxw
        )

    [_FILES] => Array
        (
        )

    [headers] => Array
        (
            [Host] => localhost
            [Connection] => keep-alive
            [Cache-Control] => no-cache
            [access_token] => eyJ0eXAiOiJKV1QiLCJhbGciOiJIUzI1NiJ9.eyJ1c2VyX25hbWUiOiJhZG1pbiIsInBhc3N3b3JkIjoiMTIzNCIsInJvbGUiOiJBIn0.6EeQ4vQYTw48ghASoZwYtDkUgf3BmDTX8adDdq8cJqg
            [User-Agent] => Mozilla/5.0 (Macintosh; Intel Mac OS X 10_14_4) AppleWebKit/537.36 (KHTML, like Gecko) Chrome/73.0.3683.86 Safari/537.36
            [Content-Type] => text/xml
            [Accept] => */*
            [Accept-Encoding] => gzip, deflate, br
            [Accept-Language] => en-US,en;q=0.9,vi;q=0.8,ja;q=0.7
            [Cookie] => PHPSESSID=e6v74trde8kdgovhh10kp6km94; pos_access_token=eyJ0eXAiOiJKV1QiLCJhbGciOiJIUzI1NiJ9.eyJleHAiOjE1NTY1MzA4NzYsInVzZXJfbmFtZSI6ImFkbWluIiwicGFzc3dvcmQiOiIxMjM0Iiwicm9sZSI6IkEifQ.6wP_a_l9cRbuDSXU2XOuFJqOQJKc2ZBD-DKb2NlfCxw
        )

    [request] => Data Object
        (
            [data:Data:private] => Array
                (
                    [access_token] => eyJ0eXAiOiJKV1QiLCJhbGciOiJIUzI1NiJ9.eyJ1c2VyX25hbWUiOiJhZG1pbiIsInBhc3N3b3JkIjoiMTIzNCIsInJvbGUiOiJBIn0.6EeQ4vQYTw48ghASoZwYtDkUgf3BmDTX8adDdq8cJqg
                )

        )

)

2019-04-28 20:15:38 - Error: [2048], Declaration of CategoryDAO::getAll() should be compatible with BaseDAO::getAll($database) in /Users/anit/Projects/web/anit_pos/libs/php/dao/CategoryDAO.php on line 19, Variables:Array
(
    [_GET] => Array
        (
            [productId] => 1
        )

    [_POST] => Array
        (
        )

    [_COOKIE] => Array
        (
            [PHPSESSID] => e6v74trde8kdgovhh10kp6km94
            [pos_access_token] => eyJ0eXAiOiJKV1QiLCJhbGciOiJIUzI1NiJ9.eyJleHAiOjE1NTY1MzA4NzYsInVzZXJfbmFtZSI6ImFkbWluIiwicGFzc3dvcmQiOiIxMjM0Iiwicm9sZSI6IkEifQ.6wP_a_l9cRbuDSXU2XOuFJqOQJKc2ZBD-DKb2NlfCxw
        )

    [_FILES] => Array
        (
        )

    [headers] => Array
        (
            [Host] => localhost
            [Connection] => keep-alive
            [Cache-Control] => no-cache
            [access_token] => eyJ0eXAiOiJKV1QiLCJhbGciOiJIUzI1NiJ9.eyJ1c2VyX25hbWUiOiJhZG1pbiIsInBhc3N3b3JkIjoiMTIzNCIsInJvbGUiOiJBIn0.6EeQ4vQYTw48ghASoZwYtDkUgf3BmDTX8adDdq8cJqg
            [User-Agent] => Mozilla/5.0 (Macintosh; Intel Mac OS X 10_14_4) AppleWebKit/537.36 (KHTML, like Gecko) Chrome/73.0.3683.86 Safari/537.36
            [Content-Type] => text/xml
            [Accept] => */*
            [Accept-Encoding] => gzip, deflate, br
            [Accept-Language] => en-US,en;q=0.9,vi;q=0.8,ja;q=0.7
            [Cookie] => PHPSESSID=e6v74trde8kdgovhh10kp6km94; pos_access_token=eyJ0eXAiOiJKV1QiLCJhbGciOiJIUzI1NiJ9.eyJleHAiOjE1NTY1MzA4NzYsInVzZXJfbmFtZSI6ImFkbWluIiwicGFzc3dvcmQiOiIxMjM0Iiwicm9sZSI6IkEifQ.6wP_a_l9cRbuDSXU2XOuFJqOQJKc2ZBD-DKb2NlfCxw
        )

    [request] => Data Object
        (
            [data:Data:private] => Array
                (
                    [access_token] => eyJ0eXAiOiJKV1QiLCJhbGciOiJIUzI1NiJ9.eyJ1c2VyX25hbWUiOiJhZG1pbiIsInBhc3N3b3JkIjoiMTIzNCIsInJvbGUiOiJBIn0.6EeQ4vQYTw48ghASoZwYtDkUgf3BmDTX8adDdq8cJqg
                )

        )

)

2019-04-28 20:16:56 - Error: [2048], Declaration of ProductDAO::getAll() should be compatible with BaseDAO::getAll($database) in /Users/anit/Projects/web/anit_pos/libs/php/dao/ProductDAO.php on line 31, Variables:Array
(
    [HTTP_RAW_POST_DATA] => {"number_id":125,"data
    [php_errormsg] => Automatically populating $HTTP_RAW_POST_DATA is deprecated and will be removed in a future version. To avoid this warning set 'always_populate_raw_post_data' to '-1' in php.ini and use the php://input stream instead.
    [_GET] => Array
        (
        )

    [_POST] => Array
        (
        )

    [_COOKIE] => Array
        (
            [PHPSESSID] => e6v74trde8kdgovhh10kp6km94
            [pos_access_token] => eyJ0eXAiOiJKV1QiLCJhbGciOiJIUzI1NiJ9.eyJleHAiOjE1NTY1MzA4NzYsInVzZXJfbmFtZSI6ImFkbWluIiwicGFzc3dvcmQiOiIxMjM0Iiwicm9sZSI6IkEifQ.6wP_a_l9cRbuDSXU2XOuFJqOQJKc2ZBD-DKb2NlfCxw
        )

    [_FILES] => Array
        (
        )

    [headers] => Array
        (
            [Host] => localhost
            [Connection] => keep-alive
            [Content-Length] => 22
            [Cache-Control] => no-cache
            [Origin] => chrome-extension://fdmmgilgnpjigdojojpjoooidkmcomcm
            [access_token] => eyJ0eXAiOiJKV1QiLCJhbGciOiJIUzI1NiJ9.eyJ1c2VyX25hbWUiOiJhZG1pbiIsInBhc3N3b3JkIjoiMTIzNCIsInJvbGUiOiJBIn0.6EeQ4vQYTw48ghASoZwYtDkUgf3BmDTX8adDdq8cJqg
            [User-Agent] => Mozilla/5.0 (Macintosh; Intel Mac OS X 10_14_4) AppleWebKit/537.36 (KHTML, like Gecko) Chrome/73.0.3683.86 Safari/537.36
            [Content-Type] => text/xml
            [Accept] => */*
            [Accept-Encoding] => gzip, deflate, br
            [Accept-Language] => en-US,en;q=0.9,vi;q=0.8,ja;q=0.7
            [Cookie] => PHPSESSID=e6v74trde8kdgovhh10kp6km94; pos_access_token=eyJ0eXAiOiJKV1QiLCJhbGciOiJIUzI1NiJ9.eyJleHAiOjE1NTY1MzA4NzYsInVzZXJfbmFtZSI6ImFkbWluIiwicGFzc3dvcmQiOiIxMjM0Iiwicm9sZSI6IkEifQ.6wP_a_l9cRbuDSXU2XOuFJqOQJKc2ZBD-DKb2NlfCxw
        )

    [request] => Data Object
        (
            [data:Data:private] => Array
                (
                    [access_token] => eyJ0eXAiOiJKV1QiLCJhbGciOiJIUzI1NiJ9.eyJ1c2VyX25hbWUiOiJhZG1pbiIsInBhc3N3b3JkIjoiMTIzNCIsInJvbGUiOiJBIn0.6EeQ4vQYTw48ghASoZwYtDkUgf3BmDTX8adDdq8cJqg
                )

        )

)

2019-04-28 20:18:24 - Error: [2048], Declaration of ProductDAO::getAll() should be compatible with BaseDAO::getAll($database = NULL) in /Users/anit/Projects/web/anit_pos/libs/php/dao/ProductDAO.php on line 31, Variables:Array
(
    [_GET] => Array
        (
            [productId] => 1
        )

    [_POST] => Array
        (
        )

    [_COOKIE] => Array
        (
            [PHPSESSID] => e6v74trde8kdgovhh10kp6km94
            [pos_access_token] => eyJ0eXAiOiJKV1QiLCJhbGciOiJIUzI1NiJ9.eyJleHAiOjE1NTY1MzA4NzYsInVzZXJfbmFtZSI6ImFkbWluIiwicGFzc3dvcmQiOiIxMjM0Iiwicm9sZSI6IkEifQ.6wP_a_l9cRbuDSXU2XOuFJqOQJKc2ZBD-DKb2NlfCxw
        )

    [_FILES] => Array
        (
        )

    [headers] => Array
        (
            [Host] => localhost
            [Connection] => keep-alive
            [Cache-Control] => no-cache
            [access_token] => eyJ0eXAiOiJKV1QiLCJhbGciOiJIUzI1NiJ9.eyJ1c2VyX25hbWUiOiJhZG1pbiIsInBhc3N3b3JkIjoiMTIzNCIsInJvbGUiOiJBIn0.6EeQ4vQYTw48ghASoZwYtDkUgf3BmDTX8adDdq8cJqg
            [User-Agent] => Mozilla/5.0 (Macintosh; Intel Mac OS X 10_14_4) AppleWebKit/537.36 (KHTML, like Gecko) Chrome/73.0.3683.86 Safari/537.36
            [Content-Type] => text/xml
            [Accept] => */*
            [Accept-Encoding] => gzip, deflate, br
            [Accept-Language] => en-US,en;q=0.9,vi;q=0.8,ja;q=0.7
            [Cookie] => PHPSESSID=e6v74trde8kdgovhh10kp6km94; pos_access_token=eyJ0eXAiOiJKV1QiLCJhbGciOiJIUzI1NiJ9.eyJleHAiOjE1NTY1MzA4NzYsInVzZXJfbmFtZSI6ImFkbWluIiwicGFzc3dvcmQiOiIxMjM0Iiwicm9sZSI6IkEifQ.6wP_a_l9cRbuDSXU2XOuFJqOQJKc2ZBD-DKb2NlfCxw
        )

    [request] => Data Object
        (
            [data:Data:private] => Array
                (
                    [access_token] => eyJ0eXAiOiJKV1QiLCJhbGciOiJIUzI1NiJ9.eyJ1c2VyX25hbWUiOiJhZG1pbiIsInBhc3N3b3JkIjoiMTIzNCIsInJvbGUiOiJBIn0.6EeQ4vQYTw48ghASoZwYtDkUgf3BmDTX8adDdq8cJqg
                )

        )

)

2019-04-28 20:20:21 - Error: [2048], Declaration of ProductDAO::getAll() should be compatible with BaseDAO::getAll($database = NULL) in /Users/anit/Projects/web/anit_pos/libs/php/dao/ProductDAO.php on line 31, Variables:Array
(
    [_GET] => Array
        (
            [productId] => 1
        )

    [_POST] => Array
        (
        )

    [_COOKIE] => Array
        (
            [PHPSESSID] => e6v74trde8kdgovhh10kp6km94
            [pos_access_token] => eyJ0eXAiOiJKV1QiLCJhbGciOiJIUzI1NiJ9.eyJleHAiOjE1NTY1MzA4NzYsInVzZXJfbmFtZSI6ImFkbWluIiwicGFzc3dvcmQiOiIxMjM0Iiwicm9sZSI6IkEifQ.6wP_a_l9cRbuDSXU2XOuFJqOQJKc2ZBD-DKb2NlfCxw
        )

    [_FILES] => Array
        (
        )

    [headers] => Array
        (
            [Host] => localhost
            [Connection] => keep-alive
            [Cache-Control] => no-cache
            [access_token] => eyJ0eXAiOiJKV1QiLCJhbGciOiJIUzI1NiJ9.eyJ1c2VyX25hbWUiOiJhZG1pbiIsInBhc3N3b3JkIjoiMTIzNCIsInJvbGUiOiJBIn0.6EeQ4vQYTw48ghASoZwYtDkUgf3BmDTX8adDdq8cJqg
            [User-Agent] => Mozilla/5.0 (Macintosh; Intel Mac OS X 10_14_4) AppleWebKit/537.36 (KHTML, like Gecko) Chrome/73.0.3683.86 Safari/537.36
            [Content-Type] => text/xml
            [Accept] => */*
            [Accept-Encoding] => gzip, deflate, br
            [Accept-Language] => en-US,en;q=0.9,vi;q=0.8,ja;q=0.7
            [Cookie] => PHPSESSID=e6v74trde8kdgovhh10kp6km94; pos_access_token=eyJ0eXAiOiJKV1QiLCJhbGciOiJIUzI1NiJ9.eyJleHAiOjE1NTY1MzA4NzYsInVzZXJfbmFtZSI6ImFkbWluIiwicGFzc3dvcmQiOiIxMjM0Iiwicm9sZSI6IkEifQ.6wP_a_l9cRbuDSXU2XOuFJqOQJKc2ZBD-DKb2NlfCxw
        )

    [request] => Data Object
        (
            [data:Data:private] => Array
                (
                    [access_token] => eyJ0eXAiOiJKV1QiLCJhbGciOiJIUzI1NiJ9.eyJ1c2VyX25hbWUiOiJhZG1pbiIsInBhc3N3b3JkIjoiMTIzNCIsInJvbGUiOiJBIn0.6EeQ4vQYTw48ghASoZwYtDkUgf3BmDTX8adDdq8cJqg
                )

        )

)

2019-04-28 20:20:50 - Error: [2048], Declaration of ProductDAO::getAll() should be compatible with BaseDAO::getAll($database = NULL) in /Users/anit/Projects/web/anit_pos/libs/php/dao/ProductDAO.php on line 31, Variables:Array
(
    [_GET] => Array
        (
            [productId] => 1
        )

    [_POST] => Array
        (
        )

    [_COOKIE] => Array
        (
            [PHPSESSID] => e6v74trde8kdgovhh10kp6km94
            [pos_access_token] => eyJ0eXAiOiJKV1QiLCJhbGciOiJIUzI1NiJ9.eyJleHAiOjE1NTY1MzA4NzYsInVzZXJfbmFtZSI6ImFkbWluIiwicGFzc3dvcmQiOiIxMjM0Iiwicm9sZSI6IkEifQ.6wP_a_l9cRbuDSXU2XOuFJqOQJKc2ZBD-DKb2NlfCxw
        )

    [_FILES] => Array
        (
        )

    [headers] => Array
        (
            [Host] => localhost
            [Connection] => keep-alive
            [Cache-Control] => no-cache
            [access_token] => eyJ0eXAiOiJKV1QiLCJhbGciOiJIUzI1NiJ9.eyJ1c2VyX25hbWUiOiJhZG1pbiIsInBhc3N3b3JkIjoiMTIzNCIsInJvbGUiOiJBIn0.6EeQ4vQYTw48ghASoZwYtDkUgf3BmDTX8adDdq8cJqg
            [User-Agent] => Mozilla/5.0 (Macintosh; Intel Mac OS X 10_14_4) AppleWebKit/537.36 (KHTML, like Gecko) Chrome/73.0.3683.86 Safari/537.36
            [Content-Type] => text/xml
            [Accept] => */*
            [Accept-Encoding] => gzip, deflate, br
            [Accept-Language] => en-US,en;q=0.9,vi;q=0.8,ja;q=0.7
            [Cookie] => PHPSESSID=e6v74trde8kdgovhh10kp6km94; pos_access_token=eyJ0eXAiOiJKV1QiLCJhbGciOiJIUzI1NiJ9.eyJleHAiOjE1NTY1MzA4NzYsInVzZXJfbmFtZSI6ImFkbWluIiwicGFzc3dvcmQiOiIxMjM0Iiwicm9sZSI6IkEifQ.6wP_a_l9cRbuDSXU2XOuFJqOQJKc2ZBD-DKb2NlfCxw
        )

    [request] => Data Object
        (
            [data:Data:private] => Array
                (
                    [access_token] => eyJ0eXAiOiJKV1QiLCJhbGciOiJIUzI1NiJ9.eyJ1c2VyX25hbWUiOiJhZG1pbiIsInBhc3N3b3JkIjoiMTIzNCIsInJvbGUiOiJBIn0.6EeQ4vQYTw48ghASoZwYtDkUgf3BmDTX8adDdq8cJqg
                )

        )

)

2019-04-28 20:20:53 - Error: [2048], Declaration of ProductDAO::getAll() should be compatible with BaseDAO::getAll($database = NULL) in /Users/anit/Projects/web/anit_pos/libs/php/dao/ProductDAO.php on line 31, Variables:Array
(
    [_GET] => Array
        (
            [productId] => 1
        )

    [_POST] => Array
        (
        )

    [_COOKIE] => Array
        (
            [PHPSESSID] => e6v74trde8kdgovhh10kp6km94
            [pos_access_token] => eyJ0eXAiOiJKV1QiLCJhbGciOiJIUzI1NiJ9.eyJleHAiOjE1NTY1MzA4NzYsInVzZXJfbmFtZSI6ImFkbWluIiwicGFzc3dvcmQiOiIxMjM0Iiwicm9sZSI6IkEifQ.6wP_a_l9cRbuDSXU2XOuFJqOQJKc2ZBD-DKb2NlfCxw
        )

    [_FILES] => Array
        (
        )

    [headers] => Array
        (
            [Host] => localhost
            [Connection] => keep-alive
            [Cache-Control] => no-cache
            [access_token] => eyJ0eXAiOiJKV1QiLCJhbGciOiJIUzI1NiJ9.eyJ1c2VyX25hbWUiOiJhZG1pbiIsInBhc3N3b3JkIjoiMTIzNCIsInJvbGUiOiJBIn0.6EeQ4vQYTw48ghASoZwYtDkUgf3BmDTX8adDdq8cJqg
            [User-Agent] => Mozilla/5.0 (Macintosh; Intel Mac OS X 10_14_4) AppleWebKit/537.36 (KHTML, like Gecko) Chrome/73.0.3683.86 Safari/537.36
            [Content-Type] => text/xml
            [Accept] => */*
            [Accept-Encoding] => gzip, deflate, br
            [Accept-Language] => en-US,en;q=0.9,vi;q=0.8,ja;q=0.7
            [Cookie] => PHPSESSID=e6v74trde8kdgovhh10kp6km94; pos_access_token=eyJ0eXAiOiJKV1QiLCJhbGciOiJIUzI1NiJ9.eyJleHAiOjE1NTY1MzA4NzYsInVzZXJfbmFtZSI6ImFkbWluIiwicGFzc3dvcmQiOiIxMjM0Iiwicm9sZSI6IkEifQ.6wP_a_l9cRbuDSXU2XOuFJqOQJKc2ZBD-DKb2NlfCxw
        )

    [request] => Data Object
        (
            [data:Data:private] => Array
                (
                    [access_token] => eyJ0eXAiOiJKV1QiLCJhbGciOiJIUzI1NiJ9.eyJ1c2VyX25hbWUiOiJhZG1pbiIsInBhc3N3b3JkIjoiMTIzNCIsInJvbGUiOiJBIn0.6EeQ4vQYTw48ghASoZwYtDkUgf3BmDTX8adDdq8cJqg
                )

        )

)

2019-04-28 20:20:54 - Error: [2048], Declaration of ProductDAO::getAll() should be compatible with BaseDAO::getAll($database = NULL) in /Users/anit/Projects/web/anit_pos/libs/php/dao/ProductDAO.php on line 31, Variables:Array
(
    [_GET] => Array
        (
            [productId] => 1
        )

    [_POST] => Array
        (
        )

    [_COOKIE] => Array
        (
            [PHPSESSID] => e6v74trde8kdgovhh10kp6km94
            [pos_access_token] => eyJ0eXAiOiJKV1QiLCJhbGciOiJIUzI1NiJ9.eyJleHAiOjE1NTY1MzA4NzYsInVzZXJfbmFtZSI6ImFkbWluIiwicGFzc3dvcmQiOiIxMjM0Iiwicm9sZSI6IkEifQ.6wP_a_l9cRbuDSXU2XOuFJqOQJKc2ZBD-DKb2NlfCxw
        )

    [_FILES] => Array
        (
        )

    [headers] => Array
        (
            [Host] => localhost
            [Connection] => keep-alive
            [Cache-Control] => no-cache
            [access_token] => eyJ0eXAiOiJKV1QiLCJhbGciOiJIUzI1NiJ9.eyJ1c2VyX25hbWUiOiJhZG1pbiIsInBhc3N3b3JkIjoiMTIzNCIsInJvbGUiOiJBIn0.6EeQ4vQYTw48ghASoZwYtDkUgf3BmDTX8adDdq8cJqg
            [User-Agent] => Mozilla/5.0 (Macintosh; Intel Mac OS X 10_14_4) AppleWebKit/537.36 (KHTML, like Gecko) Chrome/73.0.3683.86 Safari/537.36
            [Content-Type] => text/xml
            [Accept] => */*
            [Accept-Encoding] => gzip, deflate, br
            [Accept-Language] => en-US,en;q=0.9,vi;q=0.8,ja;q=0.7
            [Cookie] => PHPSESSID=e6v74trde8kdgovhh10kp6km94; pos_access_token=eyJ0eXAiOiJKV1QiLCJhbGciOiJIUzI1NiJ9.eyJleHAiOjE1NTY1MzA4NzYsInVzZXJfbmFtZSI6ImFkbWluIiwicGFzc3dvcmQiOiIxMjM0Iiwicm9sZSI6IkEifQ.6wP_a_l9cRbuDSXU2XOuFJqOQJKc2ZBD-DKb2NlfCxw
        )

    [request] => Data Object
        (
            [data:Data:private] => Array
                (
                    [access_token] => eyJ0eXAiOiJKV1QiLCJhbGciOiJIUzI1NiJ9.eyJ1c2VyX25hbWUiOiJhZG1pbiIsInBhc3N3b3JkIjoiMTIzNCIsInJvbGUiOiJBIn0.6EeQ4vQYTw48ghASoZwYtDkUgf3BmDTX8adDdq8cJqg
                )

        )

)

2019-04-28 20:24:57 - Error: [2], array_combine() expects exactly 2 parameters, 1 given in /Users/anit/Projects/web/anit_pos/api/src/models/ProductResponseBuilder.php on line 10, Variables:Array
(
    [request] => Data Object
        (
            [data:Data:private] => Array
                (
                    [access_token] => eyJ0eXAiOiJKV1QiLCJhbGciOiJIUzI1NiJ9.eyJleHAiOjE1NTY1MzA4NzYsInVzZXJfbmFtZSI6ImFkbWluIiwicGFzc3dvcmQiOiIxMjM0Iiwicm9sZSI6IkEifQ.6wP_a_l9cRbuDSXU2XOuFJqOQJKc2ZBD-DKb2NlfCxw
                    [pageId] => getProduct
                    [user_name] => admin
                    [productId] => 1
                )

        )

    [adapter] => ProductDAO Object
        (
            [tableName:BaseDAO:private] => product
            [connection:DAO:private] => 
        )

    [product] => Array
        (
            [0] => 1
            [id] => 1
            [1] => Canh khổ qua nhồi thịt
            [name] => Canh khổ qua nhồi thịt
            [2] => 1
            [category_id] => 1
            [3] => 12
            [unit_id] => 12
            [4] => 220000
            [price] => 220000
            [5] => Món ăn đặc trưng của người miền Bắc, theo truyền thuyết ăn món này mọi đau khổ sẽ qua
            [description] => Món ăn đặc trưng của người miền Bắc, theo truyền thuyết ăn món này mọi đau khổ sẽ qua
            [6] => 1
            [available] => 1
            [7] => product_1.jpg
            [image] => product_1.jpg
            [8] => 1
            [default_status] => 1
            [9] => 1
            [add_count] => 1
            [10] => 
            [creator] => 
            [11] => 0000-00-00 00:00:00
            [created_date] => 0000-00-00 00:00:00
            [12] => 
            [updater] => 
            [13] => 2019-04-23 02:49:19
            [last_updated_date] => 2019-04-23 02:49:19
        )

)

2019-04-29 07:25:01 - Error: [8], Undefined index: categoryId in /Users/anit/Projects/web/anit_pos/api/src/models/ProductResponseBuilder.php on line 6, Variables:Array
(
    [request] => Data Object
        (
            [data:Data:private] => Array
                (
                    [access_token] => eyJ0eXAiOiJKV1QiLCJhbGciOiJIUzI1NiJ9.eyJleHAiOjE1NTY1MzA4NzYsInVzZXJfbmFtZSI6ImFkbWluIiwicGFzc3dvcmQiOiIxMjM0Iiwicm9sZSI6IkEifQ.6wP_a_l9cRbuDSXU2XOuFJqOQJKc2ZBD-DKb2NlfCxw
                    [pageId] => product
                    [user_name] => admin
                )

        )

    [adapter] => ProductDAO Object
        (
            [tableName:BaseDAO:private] => product
            [connection:DAO:private] => 
        )

)

2019-04-29 07:25:19 - Error: [8], Undefined index: categoryId in /Users/anit/Projects/web/anit_pos/api/src/models/ProductResponseBuilder.php on line 6, Variables:Array
(
    [request] => Data Object
        (
            [data:Data:private] => Array
                (
                    [access_token] => eyJ0eXAiOiJKV1QiLCJhbGciOiJIUzI1NiJ9.eyJleHAiOjE1NTY1MzA4NzYsInVzZXJfbmFtZSI6ImFkbWluIiwicGFzc3dvcmQiOiIxMjM0Iiwicm9sZSI6IkEifQ.6wP_a_l9cRbuDSXU2XOuFJqOQJKc2ZBD-DKb2NlfCxw
                    [pageId] => product
                    [user_name] => admin
                )

        )

    [adapter] => ProductDAO Object
        (
            [tableName:BaseDAO:private] => product
            [connection:DAO:private] => 
        )

)

